<?xml version="1.0" encoding="UTF-8"?>
<!-- Generated by org.testng.reporters.JUnitReportReporter -->
<testsuite hostname="LAPTOP-PCAC96OA" failures="0" tests="1" name="ABJenkins.com.Demo.mvnjnknsDemo" time="24.781" errors="0" timestamp="19 Jul 2018 11:00:59 GMT" skipped="0">
  <testcase classname="ABJenkins.com.Demo.mvnjnknsDemo" name="google" time="24.781"/>
</testsuite> <!-- ABJenkins.com.Demo.mvnjnknsDemo -->
